<?xml version="1.0" encoding="UTF-8" standalone="no"?>
<testsuite failures="2" name="cucumber.runtime.formatter.JUnitFormatter" skipped="0" tests="3" time="39.59206">
<testcase classname="Free CRM Login Feature" name="Free CRM Login Test Scenario with datatable" time="17.546712">
<failure message="java.lang.AssertionError: The user login failed!no such element: Unable to locate element: {&quot;method&quot;:&quot;css selector&quot;,&quot;selector&quot;:&quot;*[name='email1']&quot;}&#10;  (Session info: chrome=80.0.3987.132)&#10;For documentation on this error, please visit: https://www.seleniumhq.org/exceptions/no_such_element.html&#10;Build info: version: '3.141.59', revision: 'e82be7d358', time: '2018-11-14T08:17:03'&#10;System info: host: 'SLB-332V0X2', ip: '192.168.56.1', os.name: 'Windows 10', os.arch: 'amd64', os.version: '10.0', java.version: '1.8.0_221'&#10;Driver info: org.openqa.selenium.chrome.ChromeDriver&#10;Capabilities {acceptInsecureCerts: false, browserName: chrome, browserVersion: 80.0.3987.132, chrome: {chromedriverVersion: 80.0.3987.106 (f68069574609..., userDataDir: C:\Users\SSwain5\AppData\Lo...}, goog:chromeOptions: {debuggerAddress: localhost:64957}, javascriptEnabled: true, networkConnectionEnabled: false, pageLoadStrategy: normal, platform: WINDOWS, platformName: WINDOWS, proxy: Proxy(), setWindowRect: true, strictFileInteractability: false, timeouts: {implicit: 0, pageLoad: 300000, script: 30000}, unhandledPromptBehavior: dismiss and notify}&#10;Session ID: 7671b83b3d055d956be1a13b6dd5657a&#10;*** Element info: {Using=name, value=email1}&#13;&#10;&#9;at org.junit.Assert.fail(Assert.java:89)&#13;&#10;&#9;at stepDefinitions.LoginStepDefinition.userEntersUsernameAndPassword(LoginStepDefinition.java:88)&#13;&#10;&#9;at ✽.Then user enters username and password(C:/Users/SSwain5/Documents/Others/CucumberBDDFramework/CucumberSeleniumFramework/src/main/java/Features/login.feature:15)&#13;&#10;"><![CDATA[Given user is already on Login Page for "TestCase_1" with "1"...............passed
Then user enters username and password......................................failed
Then user clicks on login...................................................skipped

StackTrace:
java.lang.AssertionError: The user login failed!no such element: Unable to locate element: {"method":"css selector","selector":"*[name='email1']"}
  (Session info: chrome=80.0.3987.132)
For documentation on this error, please visit: https://www.seleniumhq.org/exceptions/no_such_element.html
Build info: version: '3.141.59', revision: 'e82be7d358', time: '2018-11-14T08:17:03'
System info: host: 'SLB-332V0X2', ip: '192.168.56.1', os.name: 'Windows 10', os.arch: 'amd64', os.version: '10.0', java.version: '1.8.0_221'
Driver info: org.openqa.selenium.chrome.ChromeDriver
Capabilities {acceptInsecureCerts: false, browserName: chrome, browserVersion: 80.0.3987.132, chrome: {chromedriverVersion: 80.0.3987.106 (f68069574609..., userDataDir: C:\Users\SSwain5\AppData\Lo...}, goog:chromeOptions: {debuggerAddress: localhost:64957}, javascriptEnabled: true, networkConnectionEnabled: false, pageLoadStrategy: normal, platform: WINDOWS, platformName: WINDOWS, proxy: Proxy(), setWindowRect: true, strictFileInteractability: false, timeouts: {implicit: 0, pageLoad: 300000, script: 30000}, unhandledPromptBehavior: dismiss and notify}
Session ID: 7671b83b3d055d956be1a13b6dd5657a
*** Element info: {Using=name, value=email1}
	at org.junit.Assert.fail(Assert.java:89)
	at stepDefinitions.LoginStepDefinition.userEntersUsernameAndPassword(LoginStepDefinition.java:88)
	at ✽.Then user enters username and password(C:/Users/SSwain5/Documents/Others/CucumberBDDFramework/CucumberSeleniumFramework/src/main/java/Features/login.feature:15)
]]></failure>
</testcase>
<testcase classname="Free CRM Login Feature" name="Free CRM Login Test Scenario with datatable 2" time="3.809969">
<system-out><![CDATA[Given user is already on Login Page for "TestCase_1" with "2"...............passed
Then user enters username and password......................................passed
Then user clicks on login...................................................passed
]]></system-out>
</testcase>
<testcase classname="Free CRM Login Feature" name="Free CRM Login Test Scenario with datatable 3" time="18.235379">
<failure message="java.lang.AssertionError: The user login failed!no such element: Unable to locate element: {&quot;method&quot;:&quot;css selector&quot;,&quot;selector&quot;:&quot;*[name='email1']&quot;}&#10;  (Session info: chrome=80.0.3987.132)&#10;For documentation on this error, please visit: https://www.seleniumhq.org/exceptions/no_such_element.html&#10;Build info: version: '3.141.59', revision: 'e82be7d358', time: '2018-11-14T08:17:03'&#10;System info: host: 'SLB-332V0X2', ip: '192.168.56.1', os.name: 'Windows 10', os.arch: 'amd64', os.version: '10.0', java.version: '1.8.0_221'&#10;Driver info: org.openqa.selenium.chrome.ChromeDriver&#10;Capabilities {acceptInsecureCerts: false, browserName: chrome, browserVersion: 80.0.3987.132, chrome: {chromedriverVersion: 80.0.3987.106 (f68069574609..., userDataDir: C:\Users\SSwain5\AppData\Lo...}, goog:chromeOptions: {debuggerAddress: localhost:65032}, javascriptEnabled: true, networkConnectionEnabled: false, pageLoadStrategy: normal, platform: WINDOWS, platformName: WINDOWS, proxy: Proxy(), setWindowRect: true, strictFileInteractability: false, timeouts: {implicit: 0, pageLoad: 300000, script: 30000}, unhandledPromptBehavior: dismiss and notify}&#10;Session ID: 1258a500c182fcc082ec8d18c104c10d&#10;*** Element info: {Using=name, value=email1}&#13;&#10;&#9;at org.junit.Assert.fail(Assert.java:89)&#13;&#10;&#9;at stepDefinitions.LoginStepDefinition.userEntersUsernameAndPassword(LoginStepDefinition.java:88)&#13;&#10;&#9;at ✽.Then user enters username and password(C:/Users/SSwain5/Documents/Others/CucumberBDDFramework/CucumberSeleniumFramework/src/main/java/Features/login.feature:15)&#13;&#10;"><![CDATA[Given user is already on Login Page for "TestCase_1" with "3"...............passed
Then user enters username and password......................................failed
Then user clicks on login...................................................skipped

StackTrace:
java.lang.AssertionError: The user login failed!no such element: Unable to locate element: {"method":"css selector","selector":"*[name='email1']"}
  (Session info: chrome=80.0.3987.132)
For documentation on this error, please visit: https://www.seleniumhq.org/exceptions/no_such_element.html
Build info: version: '3.141.59', revision: 'e82be7d358', time: '2018-11-14T08:17:03'
System info: host: 'SLB-332V0X2', ip: '192.168.56.1', os.name: 'Windows 10', os.arch: 'amd64', os.version: '10.0', java.version: '1.8.0_221'
Driver info: org.openqa.selenium.chrome.ChromeDriver
Capabilities {acceptInsecureCerts: false, browserName: chrome, browserVersion: 80.0.3987.132, chrome: {chromedriverVersion: 80.0.3987.106 (f68069574609..., userDataDir: C:\Users\SSwain5\AppData\Lo...}, goog:chromeOptions: {debuggerAddress: localhost:65032}, javascriptEnabled: true, networkConnectionEnabled: false, pageLoadStrategy: normal, platform: WINDOWS, platformName: WINDOWS, proxy: Proxy(), setWindowRect: true, strictFileInteractability: false, timeouts: {implicit: 0, pageLoad: 300000, script: 30000}, unhandledPromptBehavior: dismiss and notify}
Session ID: 1258a500c182fcc082ec8d18c104c10d
*** Element info: {Using=name, value=email1}
	at org.junit.Assert.fail(Assert.java:89)
	at stepDefinitions.LoginStepDefinition.userEntersUsernameAndPassword(LoginStepDefinition.java:88)
	at ✽.Then user enters username and password(C:/Users/SSwain5/Documents/Others/CucumberBDDFramework/CucumberSeleniumFramework/src/main/java/Features/login.feature:15)
]]></failure>
</testcase>
</testsuite>
